e:\hoangdang\2023\hust\c-c++ programming techniques\hust classes\gui_project_c_cpp\gui_project_c_cpp\debug\gui_project_c_cpp.pch
e:\hoangdang\2023\hust\c-c++ programming techniques\hust classes\gui_project_c_cpp\gui_project_c_cpp\debug\vc140.pdb
e:\hoangdang\2023\hust\c-c++ programming techniques\hust classes\gui_project_c_cpp\gui_project_c_cpp\debug\vc140.idb
e:\hoangdang\2023\hust\c-c++ programming techniques\hust classes\gui_project_c_cpp\gui_project_c_cpp\debug\stdafx.obj
e:\hoangdang\2023\hust\c-c++ programming techniques\hust classes\gui_project_c_cpp\gui_project_c_cpp\debug\appliance.obj
e:\hoangdang\2023\hust\c-c++ programming techniques\hust classes\gui_project_c_cpp\gui_project_c_cpp\debug\gui_project_c_cpp.obj
e:\hoangdang\2023\hust\c-c++ programming techniques\hust classes\gui_project_c_cpp\gui_project_c_cpp\debug\gui_project_c_cppdlg.obj
e:\hoangdang\2023\hust\c-c++ programming techniques\hust classes\gui_project_c_cpp\gui_project_c_cpp\debug\newappliance.obj
e:\hoangdang\2023\hust\c-c++ programming techniques\hust classes\gui_project_c_cpp\debug\gui_project_c_cpp.ilk
e:\hoangdang\2023\hust\c-c++ programming techniques\hust classes\gui_project_c_cpp\debug\gui_project_c_cpp.exe
e:\hoangdang\2023\hust\c-c++ programming techniques\hust classes\gui_project_c_cpp\debug\gui_project_c_cpp.pdb
e:\hoangdang\2023\hust\c-c++ programming techniques\hust classes\gui_project_c_cpp\gui_project_c_cpp\debug\gui_project_c_cpp.res
e:\hoangdang\2023\hust\c-c++ programming techniques\hust classes\gui_project_c_cpp\gui_project_c_cpp\debug\gui_proj.404f1bfa.tlog\cl.command.1.tlog
e:\hoangdang\2023\hust\c-c++ programming techniques\hust classes\gui_project_c_cpp\gui_project_c_cpp\debug\gui_proj.404f1bfa.tlog\cl.read.1.tlog
e:\hoangdang\2023\hust\c-c++ programming techniques\hust classes\gui_project_c_cpp\gui_project_c_cpp\debug\gui_proj.404f1bfa.tlog\cl.write.1.tlog
e:\hoangdang\2023\hust\c-c++ programming techniques\hust classes\gui_project_c_cpp\gui_project_c_cpp\debug\gui_proj.404f1bfa.tlog\link.command.1.tlog
e:\hoangdang\2023\hust\c-c++ programming techniques\hust classes\gui_project_c_cpp\gui_project_c_cpp\debug\gui_proj.404f1bfa.tlog\link.read.1.tlog
e:\hoangdang\2023\hust\c-c++ programming techniques\hust classes\gui_project_c_cpp\gui_project_c_cpp\debug\gui_proj.404f1bfa.tlog\link.write.1.tlog
e:\hoangdang\2023\hust\c-c++ programming techniques\hust classes\gui_project_c_cpp\gui_project_c_cpp\debug\gui_proj.404f1bfa.tlog\rc.command.1.tlog
e:\hoangdang\2023\hust\c-c++ programming techniques\hust classes\gui_project_c_cpp\gui_project_c_cpp\debug\gui_proj.404f1bfa.tlog\rc.read.1.tlog
e:\hoangdang\2023\hust\c-c++ programming techniques\hust classes\gui_project_c_cpp\gui_project_c_cpp\debug\gui_proj.404f1bfa.tlog\rc.write.1.tlog
